<?xml version="1.0" encoding="UTF-8"?>
<!-- Generated by org.testng.reporters.JUnitReportReporter -->
<testsuite skipped="0" hostname="DESKTOP-GNCMA32" name="com.inetBanking.testCases.TC_AddCustomer_003" tests="1" failures="0" timestamp="2022-02-18T00:20:30 IST" time="18.365" errors="0">
  <testcase name="addCustomer" time="18.365" classname="com.inetBanking.testCases.TC_AddCustomer_003"/>
  <system-out/>
</testsuite> <!-- com.inetBanking.testCases.TC_AddCustomer_003 -->
