<?xml version="1.0" encoding="UTF-8"?>
<!-- Generated by org.testng.reporters.JUnitReportReporter -->
<testsuite skipped="0" hostname="DESKTOP-GNCMA32" name="com.inetBanking.testCases.TC_LoginTest_001" tests="1" failures="0" timestamp="2022-02-18T15:29:46 IST" time="2.671" errors="0">
  <testcase name="LoginTest" time="2.671" classname="com.inetBanking.testCases.TC_LoginTest_001"/>
  <system-out/>
</testsuite> <!-- com.inetBanking.testCases.TC_LoginTest_001 -->
